<?xml version="1.0" encoding="UTF-8"?>
<testsuite name="bitcamp.myapp.dao.AbstractDaoTest" tests="1" skipped="0" failures="0" errors="0" timestamp="2024-01-15T08:24:38" hostname="swui-MacBookPro.local" time="0.0">
  <properties/>
  <testcase name="main()" classname="bitcamp.myapp.dao.AbstractDaoTest" time="0.0"/>
  <system-out><![CDATA[]]></system-out>
  <system-err><![CDATA[]]></system-err>
</testsuite>
